# JRE version: Java(TM) SE Runtime Environment (8.0_45-b15) (build 1.8.0_45-b15)
# Java VM: Java HotSpot(TM) 64-Bit Server VM (25.45-b02 mixed mode windows-amd64 compressed oops)
Heap:
 PSYoungGen      total 150016K, used 616K [0x00000000eab00000, 0x00000000f5100000, 0x0000000100000000)
  eden space 131584K, 0% used [0x00000000eab00000,0x00000000eab9a0d8,0x00000000f2b80000)
  from space 18432K, 0% used [0x00000000f2b80000,0x00000000f2b80000,0x00000000f3d80000)
  to   space 16896K, 0% used [0x00000000f3d80000,0x00000000f3d80000,0x00000000f4e00000)
 ParOldGen       total 83968K, used 28994K [0x00000000c0000000, 0x00000000c5200000, 0x00000000eab00000)
  object space 83968K, 34% used [0x00000000c0000000,0x00000000c1c509a0,0x00000000c5200000)
 Metaspace       used 7029K, capacity 7640K, committed 7936K, reserved 1056768K
  class space    used 640K, capacity 656K, committed 768K, reserved 1048576K
GC Heap History (10 events):
Event: 24.465 GC heap before
{Heap before GC invocations=4 (full 0):
 PSYoungGen      total 38400K, used 38386K [0x00000000eab00000, 0x00000000ef600000, 0x0000000100000000)
  eden space 33280K, 100% used [0x00000000eab00000,0x00000000ecb80000,0x00000000ecb80000)
  from space 5120K, 99% used [0x00000000ecb80000,0x00000000ed07c878,0x00000000ed080000)
  to   space 5120K, 0% used [0x00000000ef100000,0x00000000ef100000,0x00000000ef600000)
 ParOldGen       total 87552K, used 12440K [0x00000000c0000000, 0x00000000c5580000, 0x00000000eab00000)
  object space 87552K, 14% used [0x00000000c0000000,0x00000000c0c261e0,0x00000000c5580000)
 Metaspace       used 6185K, capacity 7152K, committed 7296K, reserved 1056768K
  class space    used 580K, capacity 616K, committed 640K, reserved 1048576K
Event: 25.517 GC heap after
Heap after GC invocations=4 (full 0):
 PSYoungGen      total 71680K, used 5106K [0x00000000eab00000, 0x00000000ef600000, 0x0000000100000000)
  eden space 66560K, 0% used [0x00000000eab00000,0x00000000eab00000,0x00000000eec00000)
  from space 5120K, 99% used [0x00000000ef100000,0x00000000ef5fc860,0x00000000ef600000)
  to   space 5120K, 0% used [0x00000000eec00000,0x00000000eec00000,0x00000000ef100000)
 ParOldGen       total 87552K, used 18439K [0x00000000c0000000, 0x00000000c5580000, 0x00000000eab00000)
  object space 87552K, 21% used [0x00000000c0000000,0x00000000c1201c28,0x00000000c5580000)
 Metaspace       used 6185K, capacity 7152K, committed 7296K, reserved 1056768K
  class space    used 580K, capacity 616K, committed 640K, reserved 1048576K
}
Event: 27.782 GC heap before
{Heap before GC invocations=5 (full 0):
 PSYoungGen      total 71680K, used 71666K [0x00000000eab00000, 0x00000000ef600000, 0x0000000100000000)
  eden space 66560K, 100% used [0x00000000eab00000,0x00000000eec00000,0x00000000eec00000)
  from space 5120K, 99% used [0x00000000ef100000,0x00000000ef5fc860,0x00000000ef600000)
  to   space 5120K, 0% used [0x00000000eec00000,0x00000000eec00000,0x00000000ef100000)
 ParOldGen       total 87552K, used 18439K [0x00000000c0000000, 0x00000000c5580000, 0x00000000eab00000)
  object space 87552K, 21% used [0x00000000c0000000,0x00000000c1201c28,0x00000000c5580000)
 Metaspace       used 6214K, capacity 7152K, committed 7296K, reserved 1056768K
  class space    used 580K, capacity 616K, committed 640K, reserved 1048576K
Event: 27.806 GC heap after
Heap after GC invocations=5 (full 0):
 PSYoungGen      total 71680K, used 5088K [0x00000000eab00000, 0x00000000f4e00000, 0x0000000100000000)
  eden space 66560K, 0% used [0x00000000eab00000,0x00000000eab00000,0x00000000eec00000)
  from space 5120K, 99% used [0x00000000eec00000,0x00000000ef0f8010,0x00000000ef100000)
  to   space 16896K, 0% used [0x00000000f3d80000,0x00000000f3d80000,0x00000000f4e00000)
 ParOldGen       total 87552K, used 28681K [0x00000000c0000000, 0x00000000c5580000, 0x00000000eab00000)
  object space 87552K, 32% used [0x00000000c0000000,0x00000000c1c02598,0x00000000c5580000)
 Metaspace       used 6214K, capacity 7152K, committed 7296K, reserved 1056768K
  class space    used 580K, capacity 616K, committed 640K, reserved 1048576K
}
Event: 29.871 GC heap before
{Heap before GC invocations=6 (full 0):
 PSYoungGen      total 71680K, used 71648K [0x00000000eab00000, 0x00000000f4e00000, 0x0000000100000000)
  eden space 66560K, 100% used [0x00000000eab00000,0x00000000eec00000,0x00000000eec00000)
  from space 5120K, 99% used [0x00000000eec00000,0x00000000ef0f8010,0x00000000ef100000)
  to   space 16896K, 0% used [0x00000000f3d80000,0x00000000f3d80000,0x00000000f4e00000)
 ParOldGen       total 87552K, used 28681K [0x00000000c0000000, 0x00000000c5580000, 0x00000000eab00000)
  object space 87552K, 32% used [0x00000000c0000000,0x00000000c1c02598,0x00000000c5580000)
 Metaspace       used 6229K, capacity 7216K, committed 7296K, reserved 1056768K
  class space    used 580K, capacity 616K, committed 640K, reserved 1048576K
Event: 30.153 GC heap after
Heap after GC invocations=6 (full 0):
 PSYoungGen      total 148480K, used 15768K [0x00000000eab00000, 0x00000000f5100000, 0x0000000100000000)
  eden space 131584K, 0% used [0x00000000eab00000,0x00000000eab00000,0x00000000f2b80000)
  from space 16896K, 93% used [0x00000000f3d80000,0x00000000f4ce6158,0x00000000f4e00000)
  to   space 18432K, 0% used [0x00000000f2b80000,0x00000000f2b80000,0x00000000f3d80000)
 ParOldGen       total 87552K, used 28689K [0x00000000c0000000, 0x00000000c5580000, 0x00000000eab00000)
  object space 87552K, 32% used [0x00000000c0000000,0x00000000c1c04598,0x00000000c5580000)
 Metaspace       used 6229K, capacity 7216K, committed 7296K, reserved 1056768K
  class space    used 580K, capacity 616K, committed 640K, reserved 1048576K
}
Event: 39.652 GC heap before
{Heap before GC invocations=7 (full 0):
 PSYoungGen      total 148480K, used 74657K [0x00000000eab00000, 0x00000000f5100000, 0x0000000100000000)
  eden space 131584K, 44% used [0x00000000eab00000,0x00000000ee4825d0,0x00000000f2b80000)
  from space 16896K, 93% used [0x00000000f3d80000,0x00000000f4ce6158,0x00000000f4e00000)
  to   space 18432K, 0% used [0x00000000f2b80000,0x00000000f2b80000,0x00000000f3d80000)
 ParOldGen       total 87552K, used 28689K [0x00000000c0000000, 0x00000000c5580000, 0x00000000eab00000)
  object space 87552K, 32% used [0x00000000c0000000,0x00000000c1c04598,0x00000000c5580000)
 Metaspace       used 6888K, capacity 7608K, committed 7808K, reserved 1056768K
  class space    used 622K, capacity 624K, committed 640K, reserved 1048576K
Event: 40.125 GC heap after
Heap after GC invocations=7 (full 0):
 PSYoungGen      total 150016K, used 15327K [0x00000000eab00000, 0x00000000f5100000, 0x0000000100000000)
  eden space 131584K, 0% used [0x00000000eab00000,0x00000000eab00000,0x00000000f2b80000)
  from space 18432K, 83% used [0x00000000f2b80000,0x00000000f3a77c78,0x00000000f3d80000)
  to   space 16896K, 0% used [0x00000000f3d80000,0x00000000f3d80000,0x00000000f4e00000)
 ParOldGen       total 87552K, used 29752K [0x00000000c0000000, 0x00000000c5580000, 0x00000000eab00000)
  object space 87552K, 33% used [0x00000000c0000000,0x00000000c1d0e3d0,0x00000000c5580000)
 Metaspace       used 6888K, capacity 7608K, committed 7808K, reserved 1056768K
  class space    used 622K, capacity 624K, committed 640K, reserved 1048576K
}
Event: 40.125 GC heap before
{Heap before GC invocations=8 (full 1):
 PSYoungGen      total 150016K, used 15327K [0x00000000eab00000, 0x00000000f5100000, 0x0000000100000000)
  eden space 131584K, 0% used [0x00000000eab00000,0x00000000eab00000,0x00000000f2b80000)
  from space 18432K, 83% used [0x00000000f2b80000,0x00000000f3a77c78,0x00000000f3d80000)
  to   space 16896K, 0% used [0x00000000f3d80000,0x00000000f3d80000,0x00000000f4e00000)
 ParOldGen       total 87552K, used 29752K [0x00000000c0000000, 0x00000000c5580000, 0x00000000eab00000)
  object space 87552K, 33% used [0x00000000c0000000,0x00000000c1d0e3d0,0x00000000c5580000)
 Metaspace       used 6888K, capacity 7608K, committed 7808K, reserved 1056768K
  class space    used 622K, capacity 624K, committed 640K, reserved 1048576K
Event: 41.350 GC heap after
Heap after GC invocations=8 (full 1):
 PSYoungGen      total 150016K, used 0K [0x00000000eab00000, 0x00000000f5100000, 0x0000000100000000)
  eden space 131584K, 0% used [0x00000000eab00000,0x00000000eab00000,0x00000000f2b80000)
  from space 18432K, 0% used [0x00000000f2b80000,0x00000000f2b80000,0x00000000f3d80000)
  to   space 16896K, 0% used [0x00000000f3d80000,0x00000000f3d80000,0x00000000f4e00000)
 ParOldGen       total 83968K, used 28994K [0x00000000c0000000, 0x00000000c5200000, 0x00000000eab00000)
  object space 83968K, 34% used [0x00000000c0000000,0x00000000c1c509a0,0x00000000c5200000)
 Metaspace       used 6888K, capacity 7608K, committed 7808K, reserved 1056768K
  class space    used 622K, capacity 624K, committed 640K, reserved 1048576K
}

